{"/Users/Emma/Desktop/JS Projects/i-have-an-idea/client/src/redux/actions/index.js": {"path":"/Users/Emma/Desktop/JS Projects/i-have-an-idea/client/src/redux/actions/index.js","statementMap":{"0":{"start":{"line":5,"column":2},"end":{"line":5,"column":41}}},"fnMap":{"0":{"name":"addArticle","decl":{"start":{"line":4,"column":16},"end":{"line":4,"column":26}},"loc":{"start":{"line":4,"column":36},"end":{"line":6,"column":1}},"line":4}},"branchMap":{},"s":{"0":0},"f":{"0":0},"b":{},"hash":"c4b01e0f2d8d31e53a0e98074c917a84d623aef9"}
,"/Users/Emma/Desktop/JS Projects/i-have-an-idea/client/src/redux/constants/action-types.js": {"path":"/Users/Emma/Desktop/JS Projects/i-have-an-idea/client/src/redux/constants/action-types.js","statementMap":{"0":{"start":{"line":2,"column":27},"end":{"line":2,"column":40}}},"fnMap":{},"branchMap":{},"s":{"0":0},"f":{},"b":{},"hash":"cff068f4f80fd357415908a8cd43346596ad3c6b"}
,"/Users/Emma/Desktop/JS Projects/i-have-an-idea/client/src/redux/reducers/index.js": {"path":"/Users/Emma/Desktop/JS Projects/i-have-an-idea/client/src/redux/reducers/index.js","statementMap":{"0":{"start":{"line":2,"column":21},"end":{"line":4,"column":1}},"1":{"start":{"line":6,"column":2},"end":{"line":10,"column":3}},"2":{"start":{"line":7,"column":4},"end":{"line":9,"column":7}},"3":{"start":{"line":11,"column":2},"end":{"line":11,"column":15}}},"fnMap":{"0":{"name":"rootReducer","decl":{"start":{"line":5,"column":9},"end":{"line":5,"column":20}},"loc":{"start":{"line":5,"column":51},"end":{"line":12,"column":1}},"line":5}},"branchMap":{"0":{"loc":{"start":{"line":5,"column":21},"end":{"line":5,"column":41}},"type":"default-arg","locations":[{"start":{"line":5,"column":29},"end":{"line":5,"column":41}}],"line":5},"1":{"loc":{"start":{"line":6,"column":2},"end":{"line":10,"column":3}},"type":"if","locations":[{"start":{"line":6,"column":2},"end":{"line":10,"column":3}},{"start":{"line":6,"column":2},"end":{"line":10,"column":3}}],"line":6}},"s":{"0":0,"1":0,"2":0,"3":0},"f":{"0":0},"b":{"0":[0],"1":[0,0]},"hash":"f9e814dd3ba0b65c9506b7c9927d9e43d61e622c"}
,"/Users/Emma/Desktop/JS Projects/i-have-an-idea/client/src/redux/store/index.js": {"path":"/Users/Emma/Desktop/JS Projects/i-have-an-idea/client/src/redux/store/index.js","statementMap":{"0":{"start":{"line":3,"column":14},"end":{"line":3,"column":38}}},"fnMap":{},"branchMap":{},"s":{"0":0},"f":{},"b":{},"hash":"0cc96b177034e882c6456fc717ced6c9f9c8a355"}
}
