TN:
SF:/Users/Emma/Desktop/JS Projects/i-have-an-idea/client/src/redux/actions/index.js
FN:4,addArticle
FNF:1
FNH:0
FNDA:0,addArticle
DA:5,0
LF:1
LH:0
BRF:0
BRH:0
end_of_record
TN:
SF:/Users/Emma/Desktop/JS Projects/i-have-an-idea/client/src/redux/constants/action-types.js
FNF:0
FNH:0
DA:2,0
LF:1
LH:0
BRF:0
BRH:0
end_of_record
TN:
SF:/Users/Emma/Desktop/JS Projects/i-have-an-idea/client/src/redux/reducers/index.js
FN:5,rootReducer
FNF:1
FNH:0
FNDA:0,rootReducer
DA:2,0
DA:6,0
DA:7,0
DA:11,0
LF:4
LH:0
BRDA:5,0,0,0
BRDA:6,1,0,0
BRDA:6,1,1,0
BRF:3
BRH:0
end_of_record
TN:
SF:/Users/Emma/Desktop/JS Projects/i-have-an-idea/client/src/redux/store/index.js
FNF:0
FNH:0
DA:3,0
LF:1
LH:0
BRF:0
BRH:0
end_of_record
